d:\singleton first assignment\cpp-assignment1-3y\build\a1.dir\debug\vc143.pdb
d:\singleton first assignment\cpp-assignment1-3y\build\a1.dir\debug\fill.obj
d:\singleton first assignment\cpp-assignment1-3y\build\a1.dir\debug\system_config.obj
d:\singleton first assignment\cpp-assignment1-3y\build\a1.dir\debug\user_config.obj
d:\singleton first assignment\cpp-assignment1-3y\build\a1.dir\debug\main.obj
d:\singleton first assignment\cpp-assignment1-3y\build\cmakefiles\generate.stamp
d:\singleton first assignment\cpp-assignment1-3y\build\debug\a1.exe
d:\singleton first assignment\cpp-assignment1-3y\build\debug\a1.pdb
d:\singleton first assignment\cpp-assignment1-3y\build\a1.dir\debug\a1.ilk
d:\singleton first assignment\cpp-assignment1-3y\build\a1.dir\debug\a1.tlog\cl.command.1.tlog
d:\singleton first assignment\cpp-assignment1-3y\build\a1.dir\debug\a1.tlog\cl.items.tlog
d:\singleton first assignment\cpp-assignment1-3y\build\a1.dir\debug\a1.tlog\cl.read.1.tlog
d:\singleton first assignment\cpp-assignment1-3y\build\a1.dir\debug\a1.tlog\cl.write.1.tlog
d:\singleton first assignment\cpp-assignment1-3y\build\a1.dir\debug\a1.tlog\custombuild.command.1.tlog
d:\singleton first assignment\cpp-assignment1-3y\build\a1.dir\debug\a1.tlog\custombuild.read.1.tlog
d:\singleton first assignment\cpp-assignment1-3y\build\a1.dir\debug\a1.tlog\custombuild.write.1.tlog
d:\singleton first assignment\cpp-assignment1-3y\build\a1.dir\debug\a1.tlog\link.command.1.tlog
d:\singleton first assignment\cpp-assignment1-3y\build\a1.dir\debug\a1.tlog\link.read.1.tlog
d:\singleton first assignment\cpp-assignment1-3y\build\a1.dir\debug\a1.tlog\link.secondary.1.tlog
d:\singleton first assignment\cpp-assignment1-3y\build\a1.dir\debug\a1.tlog\link.write.1.tlog
